Aligning contigs to reference...
	Using existing alignments...
Parsing coords...
Loading reference...
	Loaded [NC_004310.3]
	Loaded [NC_004311.2]
	Total Regions: 2
	Total Region Length: 3315175
Analyzing contigs...
CONTIG: B.suis (30000bp)
Best alignment score: 30000.0 (LEN: 30000, IDY: 100.00), Total number of alignments: 1
		One align captures most of this contig: 316875 346874 | 1 30000 | 30000 30000 | 100.0 | NC_004311.2 B.suis

Analyzing coverage...
Writing SNPs into /home/linux/Documentos/2C_2024/AnalisisYAlineamiento/TP_Integrador/Analisis_contig_consenso_con_pads/Prokka/Quast/quast_results/contigs_reports/minimap_output/contigs.used_snps.gz

Analysis is finished!
Founded SNPs were written into /home/linux/Documentos/2C_2024/AnalisisYAlineamiento/TP_Integrador/Analisis_contig_consenso_con_pads/Prokka/Quast/quast_results/contigs_reports/minimap_output/contigs.used_snps.gz

Results:
	Local Misassemblies: 0
	Misassemblies: 0
		Relocations: 0
		Translocations: 0
		Inversions: 0
	Scaffold gap extensive misassemblies: 0
	Scaffold gap local misassemblies: 0
	Misassembled Contigs: 0
	Misassembled Contig Bases: 0
	Misassemblies Inter-Contig Overlap: 0
Unaligned Contigs: 0 + 0 part
Half Unaligned Contigs with Misassemblies: 0
Unaligned Contig Bases: 0

Ambiguously Mapped Contigs: 0
Total Bases in Ambiguously Mapped Contigs: 0
Extra Bases in Ambiguously Mapped Contigs: 0
Note that --allow-ambiguity option was set to "one" and only first alignment per each of these contigs was used.

	Covered Bases: 30000

	SNPs: 1
	Insertions: 0
	Deletions: 0

