[19:13:52] Command: contigs.fasta --evalue 1e-05 --rawproduct
[19:13:52] Looking for 'aragorn' - found /home/justo/miniconda3/envs/predYanotAyAS/bin/aragorn
[19:13:52] Determined aragorn version is 1.2
[19:13:52] Looking for 'barrnap' - found /home/justo/miniconda3/envs/predYanotAyAS/bin/barrnap
[19:13:52] Determined barrnap version is 0.9
[19:13:52] Looking for 'blastp' - found /home/justo/miniconda3/envs/predYanotAyAS/bin/blastp
[19:13:52] Determined blastp version is 2.2
[19:13:52] Looking for 'cmpress' - found /home/justo/miniconda3/envs/predYanotAyAS/bin/cmpress
[19:13:52] Determined cmpress version is 1.1
[19:13:52] Looking for 'cmscan' - found /home/justo/miniconda3/envs/predYanotAyAS/bin/cmscan
[19:13:52] Determined cmscan version is 1.1
[19:13:52] Looking for 'egrep' - found /usr/bin/egrep
[19:13:52] Looking for 'find' - found /usr/bin/find
[19:13:52] Looking for 'grep' - found /usr/bin/grep
[19:13:52] Looking for 'hmmpress' - found /home/justo/miniconda3/envs/predYanotAyAS/bin/hmmpress
[19:13:52] Determined hmmpress version is 3.3
[19:13:52] Looking for 'hmmscan' - found /home/justo/miniconda3/envs/predYanotAyAS/bin/hmmscan
[19:13:52] Determined hmmscan version is 3.3
[19:13:52] Looking for 'less' - found /usr/bin/less
[19:13:52] Looking for 'makeblastdb' - found /home/justo/miniconda3/envs/predYanotAyAS/bin/makeblastdb
[19:13:52] Determined makeblastdb version is 2.2
[19:13:52] Looking for 'minced' - found /home/justo/miniconda3/envs/predYanotAyAS/bin/minced
[19:13:52] Determined minced version is 4.2
[19:13:52] Looking for 'parallel' - found /home/justo/miniconda3/envs/predYanotAyAS/bin/parallel
[19:13:52] Determined parallel version is 20160622
[19:13:52] Looking for 'prodigal' - found /home/justo/miniconda3/envs/predYanotAyAS/bin/prodigal
[19:13:52] Determined prodigal version is 2.6
[19:13:52] Looking for 'prokka-genbank_to_fasta_db' - found /home/justo/miniconda3/envs/predYanotAyAS/bin/prokka-genbank_to_fasta_db
[19:13:52] Looking for 'sed' - found /usr/bin/sed
[19:13:52] Looking for 'tbl2asn' - found /home/justo/miniconda3/envs/predYanotAyAS/bin/tbl2asn
[19:13:52] Determined tbl2asn version is 25.8
[19:13:52] Using genetic code table 11.
[19:13:52] Loading and checking input file: contigs.fasta
[19:13:52] Wrote 1 contigs
[19:13:52] Predicting tRNAs and tmRNAs
[19:13:52] Running: aragorn -gc11  -w PROKKA_10252024\/PROKKA_10252024\.fna
[19:13:52] Found 0 tRNAs
[19:13:52] Predicting Ribosomal RNAs
[19:13:52] Running Barrnap with 4 threads
[19:13:52] Found 0 rRNAs
[19:13:52] Skipping ncRNA search, enable with --rfam if desired.
[19:13:52] Total of 0 tRNA + rRNA features
[19:13:52] Searching for CRISPR repeats
[19:13:52] Found 0 CRISPRs
[19:13:52] Predicting coding sequences
[19:13:52] Contigs total 30000 bp, so using meta mode
[19:13:52] Running: prodigal -i PROKKA_10252024\/PROKKA_10252024\.fna -c -m -g 11 -p meta -f sco -q
[19:13:52] Found 26 CDS
[19:13:52] Connecting features back to sequences
[19:13:52] Not using genus-specific database. Try --usegenus to enable it.
[19:13:52] Annotating CDS, please be patient.
[19:13:52] Will use 4 CPUs for similarity searching.
[19:13:52] There are still 26 unannotated CDS left (started with 26)
[19:13:52] Will use blast to search against /home/justo/miniconda3/envs/predYanotAyAS/bin/../db/kingdom/Bacteria/sprot with 4 CPUs
[19:13:52] Running: cat PROKKA_10252024\/sprot\.faa | parallel --gnu --plain -j 4 --block 1032 --recstart '>' --pipe blastp -query - -db /home/justo/miniconda3/envs/predYanotAyAS/bin/../db/kingdom/Bacteria/sprot -evalue 1e-05 -num_threads 1 -num_descriptions 1 -num_alignments 1 -seg no > PROKKA_10252024\/sprot\.blast 2> /dev/null
[19:13:53] Deleting unwanted file: PROKKA_10252024/sprot.faa
[19:13:53] Deleting unwanted file: PROKKA_10252024/sprot.blast
[19:13:53] There are still 8 unannotated CDS left (started with 26)
[19:13:53] Will use hmmer3 to search against /home/justo/miniconda3/envs/predYanotAyAS/bin/../db/hmm/HAMAP.hmm with 4 CPUs
[19:13:53] Running: cat PROKKA_10252024\/HAMAP\.hmm\.faa | parallel --gnu --plain -j 4 --block 173 --recstart '>' --pipe hmmscan --noali --notextw --acc -E 1e-05 --cpu 1 /home/justo/miniconda3/envs/predYanotAyAS/bin/../db/hmm/HAMAP.hmm /dev/stdin > PROKKA_10252024\/HAMAP\.hmm\.hmmer3 2> /dev/null
[19:13:54] Deleting unwanted file: PROKKA_10252024/HAMAP.hmm.faa
[19:13:54] Deleting unwanted file: PROKKA_10252024/HAMAP.hmm.hmmer3
[19:13:54] Labelling remaining 7 proteins as 'hypothetical protein'
[19:13:54] Found 19 unique /gene codes.
[19:13:54] Fixed 0 colliding /gene names.
[19:13:54] Adding /locus_tag identifiers
[19:13:54] Assigned 26 locus_tags to CDS and RNA features.
[19:13:54] Writing outputs to PROKKA_10252024/
[19:13:54] Generating annotation statistics file
[19:13:54] Generating Genbank and Sequin files
[19:13:54] Running: tbl2asn -V b -a r10k -l paired-ends -M n -N 1 -y 'Annotated using prokka 1.11 from http://www.vicbioinformatics.com' -Z PROKKA_10252024\/PROKKA_10252024\.err -i PROKKA_10252024\/PROKKA_10252024\.fsa 2> /dev/null
[19:13:54] Deleting unwanted file: PROKKA_10252024/errorsummary.val
[19:13:54] Deleting unwanted file: PROKKA_10252024/PROKKA_10252024.dr
[19:13:54] Deleting unwanted file: PROKKA_10252024/PROKKA_10252024.fixedproducts
[19:13:54] Deleting unwanted file: PROKKA_10252024/PROKKA_10252024.ecn
[19:13:54] Deleting unwanted file: PROKKA_10252024/PROKKA_10252024.val
[19:13:54] Repairing broken .GBK output that tbl2asn produces...
[19:13:54] Running: sed 's/COORDINATES: profile/COORDINATES:profile/' < PROKKA_10252024\/PROKKA_10252024\.gbf > PROKKA_10252024\/PROKKA_10252024\.gbk
[19:13:54] Deleting unwanted file: PROKKA_10252024/PROKKA_10252024.gbf
[19:13:54] Output files:
[19:13:54] PROKKA_10252024/PROKKA_10252024.fsa
[19:13:54] PROKKA_10252024/PROKKA_10252024.txt
[19:13:54] PROKKA_10252024/PROKKA_10252024.err
[19:13:54] PROKKA_10252024/PROKKA_10252024.tbl
[19:13:54] PROKKA_10252024/PROKKA_10252024.faa
[19:13:54] PROKKA_10252024/PROKKA_10252024.fna
[19:13:54] PROKKA_10252024/PROKKA_10252024.gbk
[19:13:54] PROKKA_10252024/PROKKA_10252024.ffn
[19:13:54] PROKKA_10252024/PROKKA_10252024.sqn
[19:13:54] PROKKA_10252024/PROKKA_10252024.gff
[19:13:54] PROKKA_10252024/PROKKA_10252024.log
[19:13:54] Walltime used: 0.03 minutes
[19:13:54] If you use this result please cite the Prokka paper:
[19:13:54] Seemann T (2014) Prokka: rapid prokaryotic genome annotation. Bioinformatics. 30(14):2068-9.
[19:13:54] Type 'prokka --citation' for more details.
[19:13:54] Thank you, come again.
