Tue 15 Oct 13:14:08 2024 [23057@net] opening rw... by justo(1000)
Tue 15 Oct 13:14:08 2024 [23057@net] ...opened
Tue 15 Oct 13:14:35 2024 [23057@net] auto assemble
Tue 15 Oct 13:14:35 2024 [23057@net] > Delete contig. Renumber 20 (last) to 5 (deleting)
Tue 15 Oct 13:14:35 2024 [23057@net] > Delete contig. Renumber 21 (last) to 19 (deleting)
Tue 15 Oct 13:14:35 2024 [23057@net] > Delete contig. Renumber 20 (last) to 5 (deleting)
Tue 15 Oct 13:14:35 2024 [23057@net] > Delete contig. Renumber 20 (last) to 2 (deleting)
Tue 15 Oct 13:14:35 2024 [23057@net] > Delete contig. Renumber 19 (last) to 9 (deleting)
Tue 15 Oct 13:14:36 2024 [23057@net] > Delete contig. Renumber 20 (last) to 1 (deleting)
Tue 15 Oct 13:14:36 2024 [23057@net] > Delete contig. Renumber 19 (last) to 12 (deleting)
Tue 15 Oct 13:14:36 2024 [23057@net] > Delete contig. Renumber 19 (last) to 8 (deleting)
Tue 15 Oct 13:14:36 2024 [23057@net] > Delete contig. Renumber 18 (last) to 4 (deleting)
Tue 15 Oct 13:14:36 2024 [23057@net] > Delete contig. Renumber 17 (last) to 17 (deleting)
Tue 15 Oct 13:14:36 2024 [23057@net] > Delete contig. Renumber 17 (last) to 16 (deleting)
Tue 15 Oct 13:14:36 2024 [23057@net] > Delete contig. Renumber 16 (last) to 6 (deleting)
Tue 15 Oct 13:14:36 2024 [23057@net] > Delete contig. Renumber 15 (last) to 5 (deleting)
Tue 15 Oct 13:14:36 2024 [23057@net] > Delete contig. Renumber 14 (last) to 4 (deleting)
Tue 15 Oct 13:14:36 2024 [23057@net] > Delete contig. Renumber 14 (last) to 7 (deleting)
Tue 15 Oct 13:14:36 2024 [23057@net] > Delete contig. Renumber 13 (last) to 12 (deleting)
Tue 15 Oct 13:14:36 2024 [23057@net] > Delete contig. Renumber 12 (last) to 2 (deleting)
Tue 15 Oct 13:14:36 2024 [23057@net] > Delete contig. Renumber 11 (last) to 5 (deleting)
Tue 15 Oct 13:14:36 2024 [23057@net] > Delete contig. Renumber 11 (last) to 4 (deleting)
Tue 15 Oct 13:14:36 2024 [23057@net] > Delete contig. Renumber 10 (last) to 4 (deleting)
Tue 15 Oct 13:14:36 2024 [23057@net] > Delete contig. Renumber 9 (last) to 6 (deleting)
Tue 15 Oct 13:14:36 2024 [23057@net] > Delete contig. Renumber 8 (last) to 8 (deleting)
Tue 15 Oct 13:14:36 2024 [23057@net] > Register id=2 cnum=1 func=0x749e35669950 data=0x643f956edb80 :Contig selector
