/home/linux/miniconda3/envs/ensambladoAyAS/lib/python3.6/site-packages/quast-5.0.2-py3.6.egg-info/scripts/quast.py contigs.fasta -r suis.fna -o quast_results

Version: 5.0.2

System information:
  OS: Linux-6.8.0-47-generic-x86_64-with-debian-bookworm-sid (linux_64)
  Python version: 3.6.13
  CPUs number: 4

Started: 2024-10-27 19:29:23

Logging to /home/linux/Documentos/2C_2024/AnalisisYAlineamiento/TP_Integrador/Analisis_contig_consenso_con_pads/Prokka/Quast/quast_results/quast.log
NOTICE: Output directory already exists and looks like a QUAST output dir. Existing results can be reused (e.g. previously generated alignments)!
NOTICE: Maximum number of threads is set to 1 (use --threads option to set it manually)

CWD: /home/linux/Documentos/2C_2024/AnalisisYAlineamiento/TP_Integrador/Analisis_contig_consenso_con_pads/Prokka/Quast
Main parameters: 
  MODE: default, threads: 1, minimum contig length: 500, minimum alignment length: 65, \
  ambiguity: one, threshold for extensive misassembly size: 1000

Reference:
  /home/linux/Documentos/2C_2024/AnalisisYAlineamiento/TP_Integrador/Analisis_contig_consenso_con_pads/Prokka/Quast/suis.fna ==> suis

Contigs:
  Pre-processing...
  contigs.fasta ==> contigs

2024-10-27 19:29:23
Running Basic statistics processor...
  Reference genome:
    suis.fna, length = 3315175, num fragments = 2, GC % = 57.25
  Contig files: 
    contigs
  Calculating N50 and L50...
    contigs, N50 = 30000, L50 = 1, Total length = 30000, GC % = 55.57, # N's per 100 kbp =  0.00
  Drawing Nx plot...
    saved to /home/linux/Documentos/2C_2024/AnalisisYAlineamiento/TP_Integrador/Analisis_contig_consenso_con_pads/Prokka/Quast/quast_results/basic_stats/Nx_plot.pdf
  Drawing NGx plot...
    saved to /home/linux/Documentos/2C_2024/AnalisisYAlineamiento/TP_Integrador/Analisis_contig_consenso_con_pads/Prokka/Quast/quast_results/basic_stats/NGx_plot.pdf
  Drawing cumulative plot...
    saved to /home/linux/Documentos/2C_2024/AnalisisYAlineamiento/TP_Integrador/Analisis_contig_consenso_con_pads/Prokka/Quast/quast_results/basic_stats/cumulative_plot.pdf
  Drawing GC content plot...
    saved to /home/linux/Documentos/2C_2024/AnalisisYAlineamiento/TP_Integrador/Analisis_contig_consenso_con_pads/Prokka/Quast/quast_results/basic_stats/GC_content_plot.pdf
  Drawing contigs GC content plot...
    saved to /home/linux/Documentos/2C_2024/AnalisisYAlineamiento/TP_Integrador/Analisis_contig_consenso_con_pads/Prokka/Quast/quast_results/basic_stats/contigs_GC_content_plot.pdf
Done.

2024-10-27 19:29:25
Running Contig analyzer...
  contigs
  Logging to files /home/linux/Documentos/2C_2024/AnalisisYAlineamiento/TP_Integrador/Analisis_contig_consenso_con_pads/Prokka/Quast/quast_results/contigs_reports/contigs_report_contigs.stdout and contigs_report_contigs.stderr...
  Using existing alignments... 
  Analysis is finished.

  Creating total report...
    saved to /home/linux/Documentos/2C_2024/AnalisisYAlineamiento/TP_Integrador/Analisis_contig_consenso_con_pads/Prokka/Quast/quast_results/contigs_reports/misassemblies_report.txt, misassemblies_report.tsv, and misassemblies_report.tex
  Transposed version of total report...
    saved to /home/linux/Documentos/2C_2024/AnalisisYAlineamiento/TP_Integrador/Analisis_contig_consenso_con_pads/Prokka/Quast/quast_results/contigs_reports/transposed_report_misassemblies.txt, transposed_report_misassemblies.tsv, and transposed_report_misassemblies.tex
  Creating total report...
    saved to /home/linux/Documentos/2C_2024/AnalisisYAlineamiento/TP_Integrador/Analisis_contig_consenso_con_pads/Prokka/Quast/quast_results/contigs_reports/unaligned_report.txt, unaligned_report.tsv, and unaligned_report.tex
  Drawing misassemblies by types plot...
    saved to /home/linux/Documentos/2C_2024/AnalisisYAlineamiento/TP_Integrador/Analisis_contig_consenso_con_pads/Prokka/Quast/quast_results/contigs_reports/misassemblies_plot.pdf
  Drawing misassemblies FRCurve plot...
    saved to /home/linux/Documentos/2C_2024/AnalisisYAlineamiento/TP_Integrador/Analisis_contig_consenso_con_pads/Prokka/Quast/quast_results/contigs_reports/misassemblies_frcurve_plot.pdf
Done.

2024-10-27 19:29:25
Running NA-NGA calculation...
  contigs, Largest alignment = 30000, NA50 = 30000, LA50 = 1
  Drawing cumulative plot...
    saved to /home/linux/Documentos/2C_2024/AnalisisYAlineamiento/TP_Integrador/Analisis_contig_consenso_con_pads/Prokka/Quast/quast_results/aligned_stats/cumulative_plot.pdf
  Drawing NAx plot...
    saved to /home/linux/Documentos/2C_2024/AnalisisYAlineamiento/TP_Integrador/Analisis_contig_consenso_con_pads/Prokka/Quast/quast_results/aligned_stats/NAx_plot.pdf
  Drawing NGAx plot...
    saved to /home/linux/Documentos/2C_2024/AnalisisYAlineamiento/TP_Integrador/Analisis_contig_consenso_con_pads/Prokka/Quast/quast_results/aligned_stats/NGAx_plot.pdf
Done.

2024-10-27 19:29:26
Running Genome analyzer...
  NOTICE: No file with genomic features were provided. Use the --features option if you want to specify it.

  NOTICE: No file with operons were provided. Use the -O option if you want to specify it.
  contigs
  Analysis is finished.
  Skipping drawing Genome fraction, % histogram... (less than 2 columns histogram makes no sense)
Done.

NOTICE: Genes are not predicted by default. Use --gene-finding or --glimmer option to enable it.

2024-10-27 19:29:27
Creating large visual summaries...
This may take a while: press Ctrl-C to skip this step..
  1 of 2: Creating Icarus viewers...
  2 of 2: Creating PDF with all tables and plots...
Done

2024-10-27 19:29:29
RESULTS:
  Text versions of total report are saved to /home/linux/Documentos/2C_2024/AnalisisYAlineamiento/TP_Integrador/Analisis_contig_consenso_con_pads/Prokka/Quast/quast_results/report.txt, report.tsv, and report.tex
  Text versions of transposed total report are saved to /home/linux/Documentos/2C_2024/AnalisisYAlineamiento/TP_Integrador/Analisis_contig_consenso_con_pads/Prokka/Quast/quast_results/transposed_report.txt, transposed_report.tsv, and transposed_report.tex
  HTML version (interactive tables and plots) is saved to /home/linux/Documentos/2C_2024/AnalisisYAlineamiento/TP_Integrador/Analisis_contig_consenso_con_pads/Prokka/Quast/quast_results/report.html
  PDF version (tables and plots) is saved to /home/linux/Documentos/2C_2024/AnalisisYAlineamiento/TP_Integrador/Analisis_contig_consenso_con_pads/Prokka/Quast/quast_results/report.pdf
  Icarus (contig browser) is saved to /home/linux/Documentos/2C_2024/AnalisisYAlineamiento/TP_Integrador/Analisis_contig_consenso_con_pads/Prokka/Quast/quast_results/icarus.html
  Log is saved to /home/linux/Documentos/2C_2024/AnalisisYAlineamiento/TP_Integrador/Analisis_contig_consenso_con_pads/Prokka/Quast/quast_results/quast.log

Finished: 2024-10-27 19:29:29
Elapsed time: 0:00:05.670168
NOTICEs: 5; WARNINGs: 0; non-fatal ERRORs: 0

Thank you for using QUAST!
